<?xml version="1.0" encoding="UTF-8"?>
<testng-results skipped="0" failed="0" total="1" passed="1">
  <reporter-output>
  </reporter-output>
  <suite name="Suite" duration-ms="61917" started-at="2018-03-15T04:07:18Z" finished-at="2018-03-15T04:08:20Z">
    <groups>
    </groups>
    <test name="Test1" duration-ms="61917" started-at="2018-03-15T04:07:18Z" finished-at="2018-03-15T04:08:20Z">
      <class name="com.autopracrt.qa.testcases.PaymentPageTest_E2E">
        <test-method status="PASS" signature="setup()[pri:0, instance:com.autopracrt.qa.testcases.PaymentPageTest_E2E@28f67ac7]" name="setup" is-config="true" duration-ms="56177" started-at="2018-03-15T09:37:19Z" finished-at="2018-03-15T09:38:15Z">
          <reporter-output>
          </reporter-output>
        </test-method> <!-- setup -->
        <test-method status="PASS" signature="validateEndToEndTest()[pri:0, instance:com.autopracrt.qa.testcases.PaymentPageTest_E2E@28f67ac7]" name="validateEndToEndTest" duration-ms="4893" started-at="2018-03-15T09:38:15Z" finished-at="2018-03-15T09:38:20Z">
          <reporter-output>
          </reporter-output>
        </test-method> <!-- validateEndToEndTest -->
        <test-method status="PASS" signature="teardown()[pri:0, instance:com.autopracrt.qa.testcases.PaymentPageTest_E2E@28f67ac7]" name="teardown" is-config="true" duration-ms="806" started-at="2018-03-15T09:38:20Z" finished-at="2018-03-15T09:38:20Z">
          <reporter-output>
          </reporter-output>
        </test-method> <!-- teardown -->
      </class> <!-- com.autopracrt.qa.testcases.PaymentPageTest_E2E -->
    </test> <!-- Test1 -->
  </suite> <!-- Suite -->
</testng-results>
